*** Starting uWSGI 2.0.18 (64bit) on [Thu Mar  7 20:57:42 2019] ***
compiled with version: 4.8.4 on 07 March 2019 12:20:18
os: Linux-4.4.0-93-generic #116~14.04.1-Ubuntu SMP Mon Aug 14 16:07:05 UTC 2017
nodename: iZ2zeiz7dge6ltu6jtwenuZ
machine: x86_64
clock source: unix
detected number of CPU cores: 1
current working directory: /home/liuda/1807teach/axf
*** running under screen session 26454.1807 ***
detected binary path: /home/liuda/envs/1807py3.5/bin/uwsgi
!!! no internal routing support, rebuild with pcre support !!!
chdir() to /home/liuda/1807teach/axf/axf/wsgi.py
chdir(): Not a directory [core/uwsgi.c line 2623]
*** Starting uWSGI 2.0.18 (64bit) on [Thu Mar  7 20:58:51 2019] ***
compiled with version: 4.8.4 on 07 March 2019 12:20:18
os: Linux-4.4.0-93-generic #116~14.04.1-Ubuntu SMP Mon Aug 14 16:07:05 UTC 2017
nodename: iZ2zeiz7dge6ltu6jtwenuZ
machine: x86_64
clock source: unix
detected number of CPU cores: 1
current working directory: /home/liuda/1807teach/axf
*** running under screen session 26454.1807 ***
detected binary path: /home/liuda/envs/1807py3.5/bin/uwsgi
!!! no internal routing support, rebuild with pcre support !!!
chdir() to /home/liuda/1807teach/axf/axf/wsgi.py
chdir(): Not a directory [core/uwsgi.c line 2623]
*** Starting uWSGI 2.0.18 (64bit) on [Thu Mar  7 20:59:50 2019] ***
compiled with version: 4.8.4 on 07 March 2019 12:20:18
os: Linux-4.4.0-93-generic #116~14.04.1-Ubuntu SMP Mon Aug 14 16:07:05 UTC 2017
nodename: iZ2zeiz7dge6ltu6jtwenuZ
machine: x86_64
clock source: unix
detected number of CPU cores: 1
current working directory: /home/liuda/1807teach/axf
*** running under screen session 26454.1807 ***
detected binary path: /home/liuda/envs/1807py3.5/bin/uwsgi
!!! no internal routing support, rebuild with pcre support !!!
chdir() to /home/liuda/1807teach/axf/
your processes number limit is 3863
your memory page size is 4096 bytes
detected max file descriptor number: 65535
lock engine: pthread robust mutexes
thunder lock: disabled (you can enable it with --thunder-lock)
uwsgi socket 0 bound to TCP address 0.0.0.0:12346 fd 6
Python version: 3.5.2 (default, May 23 2018, 00:00:00)  [GCC 4.8.4]
*** Python threads support is disabled. You can enable it with --enable-threads ***
Python main interpreter initialized at 0x2030730
your server socket listen backlog is limited to 100 connections
your mercy for graceful operations on workers is 60 seconds
mapped 364600 bytes (356 KB) for 4 cores
*** Operational MODE: preforking ***
/home/liuda/envs/1807py3.5/lib/python3.5/site-packages/psycopg2/__init__.py:144: UserWarning: The psycopg2 wheel package will be renamed from release 2.8; in order to keep installing from binary please use "pip install psycopg2-binary" instead. For details see: <http://initd.org/psycopg/docs/install.html#binary-install-from-pypi>.
  """)
WSGI app 0 (mountpoint='') ready in 1 seconds on interpreter 0x2030730 pid: 24222 (default app)
*** uWSGI is running in multiple interpreter mode ***
spawned uWSGI master process (pid: 24222)
spawned uWSGI worker 1 (pid: 24226, cores: 1)
spawned uWSGI worker 2 (pid: 24227, cores: 1)
spawned uWSGI worker 3 (pid: 24228, cores: 1)
spawned uWSGI worker 4 (pid: 24229, cores: 1)
invalid request block size: 21573 (max 4096)...skip
invalid request block size: 21573 (max 4096)...skip
invalid request block size: 21573 (max 4096)...skip
invalid request block size: 21573 (max 4096)...skip
invalid request block size: 21573 (max 4096)...skip
invalid request block size: 21573 (max 4096)...skip
invalid request block size: 21573 (max 4096)...skip
invalid request block size: 21573 (max 4096)...skip
*** Starting uWSGI 2.0.18 (64bit) on [Thu Mar  7 21:02:29 2019] ***
compiled with version: 4.8.4 on 07 March 2019 12:20:18
os: Linux-4.4.0-93-generic #116~14.04.1-Ubuntu SMP Mon Aug 14 16:07:05 UTC 2017
nodename: iZ2zeiz7dge6ltu6jtwenuZ
machine: x86_64
clock source: unix
detected number of CPU cores: 1
current working directory: /home/liuda/1807teach/axf
*** running under screen session 26454.1807 ***
detected binary path: /home/liuda/envs/1807py3.5/bin/uwsgi
!!! no internal routing support, rebuild with pcre support !!!
chdir() to /home/liuda/1807teach/axf/
your processes number limit is 3863
your memory page size is 4096 bytes
detected max file descriptor number: 65535
lock engine: pthread robust mutexes
thunder lock: disabled (you can enable it with --thunder-lock)
probably another instance of uWSGI is running on the same address (0.0.0.0:12346).
bind(): Address already in use [core/socket.c line 769]
invalid request block size: 21573 (max 4096)...skip
invalid request block size: 21573 (max 4096)...skip
invalid request block size: 21573 (max 4096)...skip
...brutally killing workers...
worker 1 buried after 1 seconds
worker 2 buried after 1 seconds
worker 3 buried after 1 seconds
worker 4 buried after 1 seconds
binary reloading uWSGI...
chdir() to /home/liuda/1807teach/axf
closing all non-uwsgi socket fds > 2 (max_fd = 65535)...
found fd 6 mapped to socket 0 (0.0.0.0:12346)
running /home/liuda/envs/1807py3.5/bin/uwsgi
[uWSGI] getting INI configuration from /home/liuda/1807teach/axf/uwsgi.ini
*** Starting uWSGI 2.0.18 (64bit) on [Thu Mar  7 21:03:31 2019] ***
compiled with version: 4.8.4 on 07 March 2019 12:20:18
os: Linux-4.4.0-93-generic #116~14.04.1-Ubuntu SMP Mon Aug 14 16:07:05 UTC 2017
nodename: iZ2zeiz7dge6ltu6jtwenuZ
machine: x86_64
clock source: unix
detected number of CPU cores: 1
current working directory: /home/liuda/1807teach/axf
*** running under screen session 26454.1807 ***
detected binary path: /home/liuda/envs/1807py3.5/bin/uwsgi
!!! no internal routing support, rebuild with pcre support !!!
chdir() to /home/liuda/1807teach/axf/
your processes number limit is 3863
your memory page size is 4096 bytes
detected max file descriptor number: 65535
lock engine: pthread robust mutexes
thunder lock: disabled (you can enable it with --thunder-lock)
probably another instance of uWSGI is running on the same address (0.0.0.0:12346).
bind(): Address already in use [core/socket.c line 769]
*** Starting uWSGI 2.0.18 (64bit) on [Thu Mar  7 21:03:38 2019] ***
compiled with version: 4.8.4 on 07 March 2019 12:20:18
os: Linux-4.4.0-93-generic #116~14.04.1-Ubuntu SMP Mon Aug 14 16:07:05 UTC 2017
nodename: iZ2zeiz7dge6ltu6jtwenuZ
machine: x86_64
clock source: unix
detected number of CPU cores: 1
current working directory: /home/liuda/1807teach/axf
*** running under screen session 26454.1807 ***
detected binary path: /home/liuda/envs/1807py3.5/bin/uwsgi
!!! no internal routing support, rebuild with pcre support !!!
chdir() to /home/liuda/1807teach/axf/
your processes number limit is 3863
your memory page size is 4096 bytes
detected max file descriptor number: 65535
lock engine: pthread robust mutexes
thunder lock: disabled (you can enable it with --thunder-lock)
uWSGI http bound on 0.0.0.0:12346 fd 6
uwsgi socket 0 bound to TCP address :8000 fd 9
Python version: 3.5.2 (default, May 23 2018, 00:00:00)  [GCC 4.8.4]
*** Python threads support is disabled. You can enable it with --enable-threads ***
Python main interpreter initialized at 0x1af4800
your server socket listen backlog is limited to 100 connections
your mercy for graceful operations on workers is 60 seconds
mapped 364600 bytes (356 KB) for 4 cores
*** Operational MODE: preforking ***
/home/liuda/envs/1807py3.5/lib/python3.5/site-packages/psycopg2/__init__.py:144: UserWarning: The psycopg2 wheel package will be renamed from release 2.8; in order to keep installing from binary please use "pip install psycopg2-binary" instead. For details see: <http://initd.org/psycopg/docs/install.html#binary-install-from-pypi>.
  """)
WSGI app 0 (mountpoint='') ready in 0 seconds on interpreter 0x1af4800 pid: 24293 (default app)
*** uWSGI is running in multiple interpreter mode ***
spawned uWSGI master process (pid: 24293)
spawned uWSGI worker 1 (pid: 24297, cores: 1)
spawned uWSGI worker 2 (pid: 24298, cores: 1)
spawned uWSGI worker 3 (pid: 24299, cores: 1)
spawned uWSGI worker 4 (pid: 24300, cores: 1)
spawned uWSGI http 1 (pid: 24301)
[pid: 24298|app: 0|req: 1/1] 58.100.15.203 () {40 vars in 737 bytes} [Thu Mar  7 21:03:38 2019] GET /axf/home => generated 22376 bytes in 205 msecs (HTTP/1.1 200) 3 headers in 111 bytes (1 switches on core 0)
Not Found: /static/js/maps/swiper.jquery.js.map
[pid: 24297|app: 0|req: 1/2] 58.100.15.203 () {34 vars in 625 bytes} [Thu Mar  7 21:03:39 2019] GET /static/js/maps/swiper.jquery.js.map => generated 2254 bytes in 195 msecs (HTTP/1.1 404) 3 headers in 102 bytes (1 switches on core 0)
[pid: 24300|app: 0|req: 1/3] 58.100.15.203 () {40 vars in 737 bytes} [Thu Mar  7 21:03:42 2019] GET /axf/home => generated 22376 bytes in 275 msecs (HTTP/1.1 200) 3 headers in 111 bytes (1 switches on core 0)
Not Found: /static/js/maps/swiper.jquery.js.map
[pid: 24298|app: 0|req: 2/4] 58.100.15.203 () {34 vars in 625 bytes} [Thu Mar  7 21:03:42 2019] GET /static/js/maps/swiper.jquery.js.map => generated 2254 bytes in 4 msecs (HTTP/1.1 404) 3 headers in 102 bytes (1 switches on core 0)
gateway "uWSGI http 1" has been buried (pid: 24301)
...brutally killing workers...
worker 3 buried after 1 seconds
worker 1 buried after 2 seconds
worker 2 buried after 2 seconds
worker 4 buried after 2 seconds
binary reloading uWSGI...
chdir() to /home/liuda/1807teach/axf
closing all non-uwsgi socket fds > 2 (max_fd = 65535)...
found fd 9 mapped to socket 0 (:8000)
running /home/liuda/envs/1807py3.5/bin/uwsgi
[uWSGI] getting INI configuration from /home/liuda/1807teach/axf/uwsgi.ini
*** Starting uWSGI 2.0.18 (64bit) on [Thu Mar  7 21:13:40 2019] ***
compiled with version: 4.8.4 on 07 March 2019 12:20:18
os: Linux-4.4.0-93-generic #116~14.04.1-Ubuntu SMP Mon Aug 14 16:07:05 UTC 2017
nodename: iZ2zeiz7dge6ltu6jtwenuZ
machine: x86_64
clock source: unix
detected number of CPU cores: 1
current working directory: /home/liuda/1807teach/axf
*** running under screen session 26454.1807 ***
detected binary path: /home/liuda/envs/1807py3.5/bin/uwsgi
!!! no internal routing support, rebuild with pcre support !!!
chdir() to /home/liuda/1807teach/axf/
your processes number limit is 3863
your memory page size is 4096 bytes
detected max file descriptor number: 65535
lock engine: pthread robust mutexes
thunder lock: disabled (you can enable it with --thunder-lock)
uWSGI http bound on 0.0.0.0:12346 fd 7
uwsgi socket 0 inherited INET address :8000 fd 9
Python version: 3.5.2 (default, May 23 2018, 00:00:00)  [GCC 4.8.4]
*** Python threads support is disabled. You can enable it with --enable-threads ***
Python main interpreter initialized at 0x11726d0
your server socket listen backlog is limited to 100 connections
your mercy for graceful operations on workers is 60 seconds
mapped 364600 bytes (356 KB) for 4 cores
*** Operational MODE: preforking ***
/home/liuda/envs/1807py3.5/lib/python3.5/site-packages/psycopg2/__init__.py:144: UserWarning: The psycopg2 wheel package will be renamed from release 2.8; in order to keep installing from binary please use "pip install psycopg2-binary" instead. For details see: <http://initd.org/psycopg/docs/install.html#binary-install-from-pypi>.
  """)
WSGI app 0 (mountpoint='') ready in 0 seconds on interpreter 0x11726d0 pid: 24293 (default app)
*** uWSGI is running in multiple interpreter mode ***
gracefully (RE)spawned uWSGI master process (pid: 24293)
spawned uWSGI worker 1 (pid: 24434, cores: 1)
spawned uWSGI worker 2 (pid: 24435, cores: 1)
spawned uWSGI worker 3 (pid: 24436, cores: 1)
spawned uWSGI worker 4 (pid: 24437, cores: 1)
spawned uWSGI http 1 (pid: 24438)
gateway "uWSGI http 1" has been buried (pid: 24438)
...brutally killing workers...
worker 1 buried after 1 seconds
worker 2 buried after 1 seconds
worker 3 buried after 1 seconds
worker 4 buried after 1 seconds
binary reloading uWSGI...
chdir() to /home/liuda/1807teach/axf
closing all non-uwsgi socket fds > 2 (max_fd = 65535)...
found fd 9 mapped to socket 0 (:8000)
running /home/liuda/envs/1807py3.5/bin/uwsgi
[uWSGI] getting INI configuration from /home/liuda/1807teach/axf/uwsgi.ini
*** Starting uWSGI 2.0.18 (64bit) on [Thu Mar  7 21:14:26 2019] ***
compiled with version: 4.8.4 on 07 March 2019 12:20:18
os: Linux-4.4.0-93-generic #116~14.04.1-Ubuntu SMP Mon Aug 14 16:07:05 UTC 2017
nodename: iZ2zeiz7dge6ltu6jtwenuZ
machine: x86_64
clock source: unix
detected number of CPU cores: 1
current working directory: /home/liuda/1807teach/axf
*** running under screen session 26454.1807 ***
detected binary path: /home/liuda/envs/1807py3.5/bin/uwsgi
!!! no internal routing support, rebuild with pcre support !!!
chdir() to /home/liuda/1807teach/axf/
your processes number limit is 3863
your memory page size is 4096 bytes
detected max file descriptor number: 65535
lock engine: pthread robust mutexes
thunder lock: disabled (you can enable it with --thunder-lock)
uWSGI http bound on 0.0.0.0:12346 fd 7
uwsgi socket 0 inherited INET address :8000 fd 9
Python version: 3.5.2 (default, May 23 2018, 00:00:00)  [GCC 4.8.4]
*** Python threads support is disabled. You can enable it with --enable-threads ***
Python main interpreter initialized at 0x14af6d0
your server socket listen backlog is limited to 100 connections
your mercy for graceful operations on workers is 60 seconds
mapped 364600 bytes (356 KB) for 4 cores
*** Operational MODE: preforking ***
/home/liuda/envs/1807py3.5/lib/python3.5/site-packages/psycopg2/__init__.py:144: UserWarning: The psycopg2 wheel package will be renamed from release 2.8; in order to keep installing from binary please use "pip install psycopg2-binary" instead. For details see: <http://initd.org/psycopg/docs/install.html#binary-install-from-pypi>.
  """)
WSGI app 0 (mountpoint='') ready in 1 seconds on interpreter 0x14af6d0 pid: 24293 (default app)
*** uWSGI is running in multiple interpreter mode ***
gracefully (RE)spawned uWSGI master process (pid: 24293)
spawned uWSGI worker 1 (pid: 24454, cores: 1)
spawned uWSGI worker 2 (pid: 24455, cores: 1)
spawned uWSGI worker 3 (pid: 24456, cores: 1)
spawned uWSGI worker 4 (pid: 24457, cores: 1)
spawned uWSGI http 1 (pid: 24458)
*** Starting uWSGI 2.0.18 (64bit) on [Thu Mar  7 21:20:32 2019] ***
compiled with version: 4.8.4 on 07 March 2019 12:20:18
os: Linux-4.4.0-93-generic #116~14.04.1-Ubuntu SMP Mon Aug 14 16:07:05 UTC 2017
nodename: iZ2zeiz7dge6ltu6jtwenuZ
machine: x86_64
clock source: unix
detected number of CPU cores: 1
current working directory: /home/liuda/1807teach/axf
*** running under screen session 26454.1807 ***
writing pidfile to axf.pid
detected binary path: /home/liuda/envs/1807py3.5/bin/uwsgi
!!! no internal routing support, rebuild with pcre support !!!
chdir() to /home/liuda/1807teach/axf/
your processes number limit is 3863
your memory page size is 4096 bytes
detected max file descriptor number: 65535
lock engine: pthread robust mutexes
thunder lock: disabled (you can enable it with --thunder-lock)
uWSGI http bound on 0.0.0.0:12346 fd 6
uwsgi socket 0 bound to TCP address :8000 fd 9
Python version: 3.5.2 (default, May 23 2018, 00:00:00)  [GCC 4.8.4]
*** Python threads support is disabled. You can enable it with --enable-threads ***
Python main interpreter initialized at 0xa717b0
your server socket listen backlog is limited to 100 connections
your mercy for graceful operations on workers is 60 seconds
mapped 364600 bytes (356 KB) for 4 cores
*** Operational MODE: preforking ***
/home/liuda/envs/1807py3.5/lib/python3.5/site-packages/psycopg2/__init__.py:144: UserWarning: The psycopg2 wheel package will be renamed from release 2.8; in order to keep installing from binary please use "pip install psycopg2-binary" instead. For details see: <http://initd.org/psycopg/docs/install.html#binary-install-from-pypi>.
  """)
WSGI app 0 (mountpoint='') ready in 1 seconds on interpreter 0xa717b0 pid: 24573 (default app)
*** uWSGI is running in multiple interpreter mode ***
spawned uWSGI master process (pid: 24573)
spawned uWSGI worker 1 (pid: 24577, cores: 1)
spawned uWSGI worker 2 (pid: 24578, cores: 1)
spawned uWSGI worker 3 (pid: 24579, cores: 1)
spawned uWSGI worker 4 (pid: 24580, cores: 1)
spawned uWSGI http 1 (pid: 24581)
[pid: 24577|app: 0|req: 1/1] 58.100.15.203 () {40 vars in 739 bytes} [Thu Mar  7 21:20:53 2019] GET /axf/login => generated 1418 bytes in 223 msecs (HTTP/1.1 200) 3 headers in 110 bytes (1 switches on core 0)
Not Found: /static/js/md5.js
[pid: 24577|app: 0|req: 2/2] 58.100.15.203 () {38 vars in 655 bytes} [Thu Mar  7 21:20:53 2019] GET /static/js/md5.js => generated 2197 bytes in 6 msecs (HTTP/1.1 404) 3 headers in 102 bytes (1 switches on core 0)
Not Found: /static/axf/user/css/user.css
[pid: 24580|app: 0|req: 1/3] 58.100.15.203 () {38 vars in 694 bytes} [Thu Mar  7 21:20:53 2019] GET /static/axf/user/css/user.css => generated 2233 bytes in 388 msecs (HTTP/1.1 404) 3 headers in 102 bytes (1 switches on core 0)
Not Found: /static/axf/user/js/login.js
[pid: 24579|app: 0|req: 1/4] 58.100.15.203 () {38 vars in 677 bytes} [Thu Mar  7 21:20:53 2019] GET /static/axf/user/js/login.js => generated 2230 bytes in 379 msecs (HTTP/1.1 404) 3 headers in 102 bytes (1 switches on core 0)
Not Found: /static/js/md5.js
[pid: 24577|app: 0|req: 3/5] 58.100.15.203 () {38 vars in 655 bytes} [Thu Mar  7 21:20:53 2019] GET /static/js/md5.js => generated 2197 bytes in 4 msecs (HTTP/1.1 404) 3 headers in 102 bytes (1 switches on core 0)
Not Found: /static/axf/user/js/login.js
[pid: 24580|app: 0|req: 2/6] 58.100.15.203 () {38 vars in 677 bytes} [Thu Mar  7 21:20:53 2019] GET /static/axf/user/js/login.js => generated 2230 bytes in 3 msecs (HTTP/1.1 404) 3 headers in 102 bytes (1 switches on core 0)
[pid: 24578|app: 0|req: 1/7] 58.100.15.203 () {40 vars in 735 bytes} [Thu Mar  7 21:21:06 2019] GET /axf/home => generated 22376 bytes in 211 msecs (HTTP/1.1 200) 3 headers in 111 bytes (1 switches on core 0)
Not Found: /static/js/maps/swiper.jquery.js.map
[pid: 24577|app: 0|req: 4/8] 58.100.15.203 () {34 vars in 624 bytes} [Thu Mar  7 21:21:07 2019] GET /static/js/maps/swiper.jquery.js.map => generated 2254 bytes in 3 msecs (HTTP/1.1 404) 3 headers in 102 bytes (1 switches on core 0)
[pid: 24580|app: 0|req: 3/9] 58.100.15.203 () {40 vars in 754 bytes} [Thu Mar  7 21:21:09 2019] GET /axf/mine => generated 5656 bytes in 57 msecs (HTTP/1.1 200) 4 headers in 124 bytes (1 switches on core 0)
Not Found: /static/axf/mine/css/mine.css
[pid: 24577|app: 0|req: 5/10] 58.100.15.203 () {38 vars in 691 bytes} [Thu Mar  7 21:21:09 2019] GET /static/axf/mine/css/mine.css => generated 2233 bytes in 3 msecs (HTTP/1.1 404) 3 headers in 102 bytes (1 switches on core 0)
Not Found: /static/uploads/icon/01fcbc577f76bc0000018c1bbc6006.jpg
[pid: 24579|app: 0|req: 2/11] 58.100.15.203 () {38 vars in 765 bytes} [Thu Mar  7 21:21:09 2019] GET /static/uploads/icon/01fcbc577f76bc0000018c1bbc6006.jpg => generated 2311 bytes in 3 msecs (HTTP/1.1 404) 3 headers in 102 bytes (1 switches on core 0)
Not Found: /static/js/maps/swiper.jquery.js.map
[pid: 24578|app: 0|req: 2/12] 58.100.15.203 () {34 vars in 624 bytes} [Thu Mar  7 21:21:09 2019] GET /static/js/maps/swiper.jquery.js.map => generated 2254 bytes in 5 msecs (HTTP/1.1 404) 3 headers in 102 bytes (1 switches on core 0)
[pid: 24580|app: 0|req: 4/13] 58.100.15.203 () {40 vars in 736 bytes} [Thu Mar  7 21:21:13 2019] GET /axf/mine => generated 5656 bytes in 9 msecs (HTTP/1.1 200) 4 headers in 124 bytes (1 switches on core 0)
Not Found: /static/axf/mine/css/mine.css
Not Found: /static/uploads/icon/01fcbc577f76bc0000018c1bbc6006.jpg
[pid: 24579|app: 0|req: 3/14] 58.100.15.203 () {38 vars in 765 bytes} [Thu Mar  7 21:21:13 2019] GET /static/uploads/icon/01fcbc577f76bc0000018c1bbc6006.jpg => generated 2311 bytes in 5 msecs (HTTP/1.1 404) 3 headers in 102 bytes (1 switches on core 0)
[pid: 24577|app: 0|req: 6/15] 58.100.15.203 () {38 vars in 692 bytes} [Thu Mar  7 21:21:13 2019] GET /static/axf/mine/css/mine.css => generated 2233 bytes in 7 msecs (HTTP/1.1 404) 3 headers in 102 bytes (1 switches on core 0)
Not Found: /static/js/maps/swiper.jquery.js.map
[pid: 24578|app: 0|req: 3/16] 58.100.15.203 () {34 vars in 624 bytes} [Thu Mar  7 21:21:13 2019] GET /static/js/maps/swiper.jquery.js.map => generated 2254 bytes in 3 msecs (HTTP/1.1 404) 3 headers in 102 bytes (1 switches on core 0)
SIGINT/SIGQUIT received...killing workers...
gateway "uWSGI http 1" has been buried (pid: 24581)
worker 1 buried after 1 seconds
worker 2 buried after 1 seconds
worker 3 buried after 1 seconds
worker 4 buried after 1 seconds
goodbye to uWSGI.
VACUUM: pidfile removed.
*** Starting uWSGI 2.0.18 (64bit) on [Thu Mar  7 21:21:49 2019] ***
compiled with version: 4.8.4 on 07 March 2019 12:20:18
os: Linux-4.4.0-93-generic #116~14.04.1-Ubuntu SMP Mon Aug 14 16:07:05 UTC 2017
nodename: iZ2zeiz7dge6ltu6jtwenuZ
machine: x86_64
clock source: unix
detected number of CPU cores: 1
current working directory: /home/liuda/1807teach/axf
*** running under screen session 26454.1807 ***
writing pidfile to axf.pid
detected binary path: /home/liuda/envs/1807py3.5/bin/uwsgi
!!! no internal routing support, rebuild with pcre support !!!
chdir() to /home/liuda/1807teach/axf/
your processes number limit is 3863
your memory page size is 4096 bytes
detected max file descriptor number: 65535
lock engine: pthread robust mutexes
thunder lock: disabled (you can enable it with --thunder-lock)
uWSGI http bound on 0.0.0.0:12346 fd 6
uwsgi socket 0 bound to TCP address :8000 fd 9
Python version: 3.5.2 (default, May 23 2018, 00:00:00)  [GCC 4.8.4]
*** Python threads support is disabled. You can enable it with --enable-threads ***
Python main interpreter initialized at 0x1566830
your server socket listen backlog is limited to 100 connections
your mercy for graceful operations on workers is 60 seconds
mapped 364600 bytes (356 KB) for 4 cores
*** Operational MODE: preforking ***
/home/liuda/envs/1807py3.5/lib/python3.5/site-packages/psycopg2/__init__.py:144: UserWarning: The psycopg2 wheel package will be renamed from release 2.8; in order to keep installing from binary please use "pip install psycopg2-binary" instead. For details see: <http://initd.org/psycopg/docs/install.html#binary-install-from-pypi>.
  """)
WSGI app 0 (mountpoint='') ready in 1 seconds on interpreter 0x1566830 pid: 24605 (default app)
*** uWSGI is running in multiple interpreter mode ***
spawned uWSGI master process (pid: 24605)
spawned uWSGI worker 1 (pid: 24609, cores: 1)
spawned uWSGI worker 2 (pid: 24610, cores: 1)
spawned uWSGI worker 3 (pid: 24611, cores: 1)
spawned uWSGI worker 4 (pid: 24612, cores: 1)
spawned uWSGI http 1 (pid: 24613)
[pid: 24611|app: 0|req: 1/1] 58.100.15.203 () {40 vars in 737 bytes} [Thu Mar  7 21:21:51 2019] GET /axf/mine => generated 5656 bytes in 221 msecs (HTTP/1.1 200) 4 headers in 124 bytes (1 switches on core 0)
Not Found: /static/uploads/icon/01fcbc577f76bc0000018c1bbc6006.jpg
[pid: 24611|app: 0|req: 2/2] 58.100.15.203 () {38 vars in 766 bytes} [Thu Mar  7 21:21:52 2019] GET /static/uploads/icon/01fcbc577f76bc0000018c1bbc6006.jpg => generated 2311 bytes in 9 msecs (HTTP/1.1 404) 3 headers in 102 bytes (1 switches on core 0)
Not Found: /static/axf/mine/css/mine.css
[pid: 24609|app: 0|req: 1/3] 58.100.15.203 () {38 vars in 693 bytes} [Thu Mar  7 21:21:52 2019] GET /static/axf/mine/css/mine.css => generated 2233 bytes in 190 msecs (HTTP/1.1 404) 3 headers in 102 bytes (1 switches on core 0)
Not Found: /static/js/maps/swiper.jquery.js.map
[pid: 24611|app: 0|req: 3/4] 58.100.15.203 () {34 vars in 625 bytes} [Thu Mar  7 21:21:52 2019] GET /static/js/maps/swiper.jquery.js.map => generated 2254 bytes in 3 msecs (HTTP/1.1 404) 3 headers in 102 bytes (1 switches on core 0)
[pid: 24612|app: 0|req: 1/5] 58.100.15.203 () {40 vars in 755 bytes} [Thu Mar  7 21:21:54 2019] GET /axf/mine => generated 5656 bytes in 216 msecs (HTTP/1.1 200) 4 headers in 124 bytes (1 switches on core 0)
Not Found: /static/axf/mine/css/mine.css
[pid: 24609|app: 0|req: 2/6] 58.100.15.203 () {38 vars in 693 bytes} [Thu Mar  7 21:21:54 2019] GET /static/axf/mine/css/mine.css => generated 2233 bytes in 3 msecs (HTTP/1.1 404) 3 headers in 102 bytes (1 switches on core 0)
Not Found: /static/uploads/icon/01fcbc577f76bc0000018c1bbc6006.jpg
[pid: 24611|app: 0|req: 4/7] 58.100.15.203 () {38 vars in 766 bytes} [Thu Mar  7 21:21:54 2019] GET /static/uploads/icon/01fcbc577f76bc0000018c1bbc6006.jpg => generated 2311 bytes in 3 msecs (HTTP/1.1 404) 3 headers in 102 bytes (1 switches on core 0)
Not Found: /static/js/maps/swiper.jquery.js.map
[pid: 24610|app: 0|req: 1/8] 58.100.15.203 () {34 vars in 625 bytes} [Thu Mar  7 21:21:55 2019] GET /static/js/maps/swiper.jquery.js.map => generated 2254 bytes in 172 msecs (HTTP/1.1 404) 3 headers in 102 bytes (1 switches on core 0)
SIGINT/SIGQUIT received...killing workers...
gateway "uWSGI http 1" has been buried (pid: 24613)
worker 1 buried after 1 seconds
worker 2 buried after 1 seconds
worker 3 buried after 1 seconds
worker 4 buried after 1 seconds
goodbye to uWSGI.
VACUUM: pidfile removed.
*** Starting uWSGI 2.0.18 (64bit) on [Thu Mar  7 21:32:37 2019] ***
compiled with version: 4.8.4 on 07 March 2019 12:20:18
os: Linux-4.4.0-93-generic #116~14.04.1-Ubuntu SMP Mon Aug 14 16:07:05 UTC 2017
nodename: iZ2zeiz7dge6ltu6jtwenuZ
machine: x86_64
clock source: unix
detected number of CPU cores: 1
current working directory: /home/liuda/1807teach/axf
*** running under screen session 26454.1807 ***
writing pidfile to axf.pid
detected binary path: /home/liuda/envs/1807py3.5/bin/uwsgi
!!! no internal routing support, rebuild with pcre support !!!
chdir() to /home/liuda/1807teach/axf/
your processes number limit is 3863
your memory page size is 4096 bytes
detected max file descriptor number: 65535
lock engine: pthread robust mutexes
thunder lock: disabled (you can enable it with --thunder-lock)
uWSGI http bound on 0.0.0.0:12346 fd 6
uwsgi socket 0 bound to TCP address :8000 fd 9
Python version: 3.5.2 (default, May 23 2018, 00:00:00)  [GCC 4.8.4]
*** Python threads support is disabled. You can enable it with --enable-threads ***
Python main interpreter initialized at 0x1a117e0
your server socket listen backlog is limited to 100 connections
your mercy for graceful operations on workers is 60 seconds
mapped 364600 bytes (356 KB) for 4 cores
*** Operational MODE: preforking ***
/home/liuda/envs/1807py3.5/lib/python3.5/site-packages/psycopg2/__init__.py:144: UserWarning: The psycopg2 wheel package will be renamed from release 2.8; in order to keep installing from binary please use "pip install psycopg2-binary" instead. For details see: <http://initd.org/psycopg/docs/install.html#binary-install-from-pypi>.
  """)
WSGI app 0 (mountpoint='') ready in 0 seconds on interpreter 0x1a117e0 pid: 24820 (default app)
*** uWSGI is running in multiple interpreter mode ***
spawned uWSGI master process (pid: 24820)
spawned uWSGI worker 1 (pid: 24824, cores: 1)
spawned uWSGI worker 2 (pid: 24825, cores: 1)
spawned uWSGI worker 3 (pid: 24826, cores: 1)
spawned uWSGI worker 4 (pid: 24827, cores: 1)
spawned uWSGI http 1 (pid: 24828)
[pid: 24825|app: 0|req: 1/1] 58.100.15.203 () {42 vars in 786 bytes} [Thu Mar  7 21:32:41 2019] GET /axf/mine => generated 5656 bytes in 200 msecs (HTTP/1.1 200) 4 headers in 124 bytes (1 switches on core 0)
Not Found: /static/axf/mine/css/mine.css
Not Found: /static/uploads/icon/01fcbc577f76bc0000018c1bbc6006.jpg
[pid: 24827|app: 0|req: 1/2] 58.100.15.203 () {38 vars in 766 bytes} [Thu Mar  7 21:32:41 2019] GET /static/uploads/icon/01fcbc577f76bc0000018c1bbc6006.jpg => generated 2311 bytes in 398 msecs (HTTP/1.1 404) 3 headers in 102 bytes (1 switches on core 0)
[pid: 24824|app: 0|req: 1/3] 58.100.15.203 () {38 vars in 693 bytes} [Thu Mar  7 21:32:41 2019] GET /static/axf/mine/css/mine.css => generated 2233 bytes in 400 msecs (HTTP/1.1 404) 3 headers in 102 bytes (1 switches on core 0)
Not Found: /static/js/maps/swiper.jquery.js.map
[pid: 24825|app: 0|req: 2/4] 58.100.15.203 () {34 vars in 625 bytes} [Thu Mar  7 21:32:42 2019] GET /static/js/maps/swiper.jquery.js.map => generated 2254 bytes in 5 msecs (HTTP/1.1 404) 3 headers in 102 bytes (1 switches on core 0)
SIGINT/SIGQUIT received...killing workers...
gateway "uWSGI http 1" has been buried (pid: 24828)
worker 1 buried after 1 seconds
worker 2 buried after 1 seconds
worker 3 buried after 1 seconds
worker 4 buried after 1 seconds
goodbye to uWSGI.
VACUUM: pidfile removed.
*** Starting uWSGI 2.0.18 (64bit) on [Thu Mar  7 21:34:54 2019] ***
compiled with version: 4.8.4 on 07 March 2019 12:20:18
os: Linux-4.4.0-93-generic #116~14.04.1-Ubuntu SMP Mon Aug 14 16:07:05 UTC 2017
nodename: iZ2zeiz7dge6ltu6jtwenuZ
machine: x86_64
clock source: unix
detected number of CPU cores: 1
current working directory: /home/liuda/1807teach/axf
*** running under screen session 26454.1807 ***
writing pidfile to axf.pid
detected binary path: /home/liuda/envs/1807py3.5/bin/uwsgi
!!! no internal routing support, rebuild with pcre support !!!
chdir() to /home/liuda/1807teach/axf/
your processes number limit is 3863
your memory page size is 4096 bytes
detected max file descriptor number: 65535
building mime-types dictionary from file /etc/mime.types...536 entry found
lock engine: pthread robust mutexes
thunder lock: disabled (you can enable it with --thunder-lock)
uWSGI http bound on 0.0.0.0:12346 fd 6
uwsgi socket 0 bound to TCP address :8000 fd 9
Python version: 3.5.2 (default, May 23 2018, 00:00:00)  [GCC 4.8.4]
*** Python threads support is disabled. You can enable it with --enable-threads ***
Python main interpreter initialized at 0x2317e10
your server socket listen backlog is limited to 100 connections
your mercy for graceful operations on workers is 60 seconds
mapped 364600 bytes (356 KB) for 4 cores
*** Operational MODE: preforking ***
/home/liuda/envs/1807py3.5/lib/python3.5/site-packages/psycopg2/__init__.py:144: UserWarning: The psycopg2 wheel package will be renamed from release 2.8; in order to keep installing from binary please use "pip install psycopg2-binary" instead. For details see: <http://initd.org/psycopg/docs/install.html#binary-install-from-pypi>.
  """)
WSGI app 0 (mountpoint='') ready in 1 seconds on interpreter 0x2317e10 pid: 24868 (default app)
*** uWSGI is running in multiple interpreter mode ***
spawned uWSGI master process (pid: 24868)
spawned uWSGI worker 1 (pid: 24872, cores: 1)
spawned uWSGI worker 2 (pid: 24873, cores: 1)
spawned uWSGI worker 3 (pid: 24874, cores: 1)
spawned uWSGI worker 4 (pid: 24875, cores: 1)
spawned uWSGI http 1 (pid: 24876)
[pid: 24874|app: 0|req: 1/1] 58.100.15.203 () {42 vars in 786 bytes} [Thu Mar  7 21:35:03 2019] GET /axf/mine => generated 5656 bytes in 259 msecs (HTTP/1.1 200) 4 headers in 124 bytes (1 switches on core 0)
[pid: 24872|app: -1|req: -1/2] 58.100.15.203 () {38 vars in 766 bytes} [Thu Mar  7 21:35:04 2019] GET /static/uploads/icon/01fcbc577f76bc0000018c1bbc6006.jpg => generated 98039 bytes in 49 msecs via sendfile() (HTTP/1.1 200) 3 headers in 114 bytes (0 switches on core 0)
[pid: 24873|app: -1|req: -1/3] 58.100.15.203 () {38 vars in 693 bytes} [Thu Mar  7 21:35:04 2019] GET /static/axf/mine/css/mine.css => generated 3037 bytes in 60 msecs via sendfile() (HTTP/1.1 200) 3 headers in 111 bytes (0 switches on core 0)
[pid: 24875|app: -1|req: -1/4] 58.100.15.203 () {38 vars in 734 bytes} [Thu Mar  7 21:35:04 2019] GET /static/img/mine_selected.png => generated 1228 bytes in 17 msecs via sendfile() (HTTP/1.1 200) 3 headers in 112 bytes (0 switches on core 0)
Not Found: /static/js/maps/swiper.jquery.js.map
[pid: 24875|app: 0|req: 1/5] 58.100.15.203 () {34 vars in 625 bytes} [Thu Mar  7 21:35:04 2019] GET /static/js/maps/swiper.jquery.js.map => generated 2254 bytes in 180 msecs (HTTP/1.1 404) 3 headers in 102 bytes (1 switches on core 0)
True 17.7
[pid: 24872|app: 0|req: 1/6] 58.100.15.203 () {40 vars in 755 bytes} [Thu Mar  7 21:35:06 2019] GET /axf/cart => generated 7132 bytes in 239 msecs (HTTP/1.1 200) 4 headers in 124 bytes (1 switches on core 0)
[pid: 24875|app: -1|req: -1/7] 58.100.15.203 () {40 vars in 729 bytes} [Thu Mar  7 21:35:06 2019] GET /static/axf/cart/js/cart.js => generated 0 bytes in 1 msecs (HTTP/1.1 304) 0 headers in 29 bytes (0 switches on core 0)
Not Found: /static/js/maps/swiper.jquery.js.map
[pid: 24873|app: 0|req: 1/8] 58.100.15.203 () {34 vars in 625 bytes} [Thu Mar  7 21:35:06 2019] GET /static/js/maps/swiper.jquery.js.map => generated 2254 bytes in 181 msecs (HTTP/1.1 404) 3 headers in 102 bytes (1 switches on core 0)
[pid: 24872|app: 0|req: 2/9] 58.100.15.203 () {40 vars in 759 bytes} [Thu Mar  7 21:35:07 2019] GET /axf/market => generated 0 bytes in 1 msecs (HTTP/1.1 302) 4 headers in 157 bytes (1 switches on core 0)
[pid: 24874|app: 0|req: 2/10] 58.100.15.203 () {40 vars in 807 bytes} [Thu Mar  7 21:35:07 2019] GET /axf/market_with_params/104749/0/0/ => generated 9797 bytes in 65 msecs (HTTP/1.1 200) 4 headers in 124 bytes (1 switches on core 0)
[pid: 24872|app: -1|req: -1/11] 58.100.15.203 () {40 vars in 782 bytes} [Thu Mar  7 21:35:08 2019] GET /static/axf/market/css/market.css => generated 0 bytes in 1 msecs (HTTP/1.1 304) 0 headers in 29 bytes (0 switches on core 0)
[pid: 24873|app: -1|req: -1/12] 58.100.15.203 () {40 vars in 763 bytes} [Thu Mar  7 21:35:08 2019] GET /static/axf/market/js/market.js => generated 0 bytes in 0 msecs (HTTP/1.1 304) 0 headers in 29 bytes (0 switches on core 0)
Not Found: /static/js/maps/swiper.jquery.js.map
[pid: 24875|app: 0|req: 2/13] 58.100.15.203 () {34 vars in 625 bytes} [Thu Mar  7 21:35:08 2019] GET /static/js/maps/swiper.jquery.js.map => generated 2254 bytes in 3 msecs (HTTP/1.1 404) 3 headers in 102 bytes (1 switches on core 0)
True 17.7
[pid: 24872|app: 0|req: 3/14] 58.100.15.203 () {40 vars in 781 bytes} [Thu Mar  7 21:35:09 2019] GET /axf/cart => generated 7132 bytes in 19 msecs (HTTP/1.1 200) 4 headers in 124 bytes (1 switches on core 0)
[pid: 24875|app: -1|req: -1/15] 58.100.15.203 () {40 vars in 729 bytes} [Thu Mar  7 21:35:10 2019] GET /static/axf/cart/js/cart.js => generated 0 bytes in 0 msecs (HTTP/1.1 304) 0 headers in 29 bytes (0 switches on core 0)
Not Found: /static/js/maps/swiper.jquery.js.map
[pid: 24874|app: 0|req: 3/16] 58.100.15.203 () {34 vars in 625 bytes} [Thu Mar  7 21:35:10 2019] GET /static/js/maps/swiper.jquery.js.map => generated 2254 bytes in 4 msecs (HTTP/1.1 404) 3 headers in 102 bytes (1 switches on core 0)
[pid: 24875|app: 0|req: 3/17] 58.100.15.203 () {40 vars in 759 bytes} [Thu Mar  7 21:35:11 2019] GET /axf/market => generated 0 bytes in 9 msecs (HTTP/1.1 302) 4 headers in 157 bytes (1 switches on core 0)
[pid: 24872|app: 0|req: 4/18] 58.100.15.203 () {40 vars in 807 bytes} [Thu Mar  7 21:35:11 2019] GET /axf/market_with_params/104749/0/0/ => generated 9797 bytes in 25 msecs (HTTP/1.1 200) 4 headers in 124 bytes (1 switches on core 0)
[pid: 24875|app: -1|req: -1/19] 58.100.15.203 () {40 vars in 782 bytes} [Thu Mar  7 21:35:11 2019] GET /static/axf/market/css/market.css => generated 0 bytes in 0 msecs (HTTP/1.1 304) 0 headers in 29 bytes (0 switches on core 0)
[pid: 24873|app: -1|req: -1/20] 58.100.15.203 () {40 vars in 763 bytes} [Thu Mar  7 21:35:11 2019] GET /static/axf/market/js/market.js => generated 0 bytes in 0 msecs (HTTP/1.1 304) 0 headers in 29 bytes (0 switches on core 0)
Not Found: /static/js/maps/swiper.jquery.js.map
[pid: 24874|app: 0|req: 4/21] 58.100.15.203 () {34 vars in 625 bytes} [Thu Mar  7 21:35:11 2019] GET /static/js/maps/swiper.jquery.js.map => generated 2254 bytes in 3 msecs (HTTP/1.1 404) 3 headers in 102 bytes (1 switches on core 0)
[pid: 24875|app: 0|req: 4/22] 58.100.15.203 () {40 vars in 833 bytes} [Thu Mar  7 21:35:13 2019] GET /axf/market_with_params/104747/0/0/ => generated 16552 bytes in 43 msecs (HTTP/1.1 200) 4 headers in 125 bytes (1 switches on core 0)
[pid: 24872|app: -1|req: -1/23] 58.100.15.203 () {40 vars in 782 bytes} [Thu Mar  7 21:35:14 2019] GET /static/axf/market/css/market.css => generated 0 bytes in 0 msecs (HTTP/1.1 304) 0 headers in 29 bytes (0 switches on core 0)
[pid: 24873|app: -1|req: -1/24] 58.100.15.203 () {40 vars in 763 bytes} [Thu Mar  7 21:35:14 2019] GET /static/axf/market/js/market.js => generated 0 bytes in 0 msecs (HTTP/1.1 304) 0 headers in 29 bytes (0 switches on core 0)
Not Found: /static/js/maps/swiper.jquery.js.map
[pid: 24874|app: 0|req: 5/25] 58.100.15.203 () {34 vars in 625 bytes} [Thu Mar  7 21:35:14 2019] GET /static/js/maps/swiper.jquery.js.map => generated 2254 bytes in 4 msecs (HTTP/1.1 404) 3 headers in 102 bytes (1 switches on core 0)
[pid: 24872|app: 0|req: 5/26] 58.100.15.203 () {40 vars in 833 bytes} [Thu Mar  7 21:35:15 2019] GET /axf/market_with_params/104749/0/0/ => generated 9797 bytes in 21 msecs (HTTP/1.1 200) 4 headers in 124 bytes (1 switches on core 0)
[pid: 24875|app: -1|req: -1/27] 58.100.15.203 () {40 vars in 782 bytes} [Thu Mar  7 21:35:15 2019] GET /static/axf/market/css/market.css => generated 0 bytes in 0 msecs (HTTP/1.1 304) 0 headers in 29 bytes (0 switches on core 0)
[pid: 24873|app: -1|req: -1/28] 58.100.15.203 () {40 vars in 763 bytes} [Thu Mar  7 21:35:16 2019] GET /static/axf/market/js/market.js => generated 0 bytes in 0 msecs (HTTP/1.1 304) 0 headers in 29 bytes (0 switches on core 0)
Not Found: /static/js/maps/swiper.jquery.js.map
[pid: 24874|app: 0|req: 6/29] 58.100.15.203 () {34 vars in 625 bytes} [Thu Mar  7 21:35:16 2019] GET /static/js/maps/swiper.jquery.js.map => generated 2254 bytes in 3 msecs (HTTP/1.1 404) 3 headers in 102 bytes (1 switches on core 0)
[pid: 24875|app: 0|req: 5/30] 58.100.15.203 () {40 vars in 833 bytes} [Thu Mar  7 21:35:19 2019] GET /axf/market_with_params/104749/0/2/ => generated 9797 bytes in 25 msecs (HTTP/1.1 200) 4 headers in 124 bytes (1 switches on core 0)
[pid: 24872|app: -1|req: -1/31] 58.100.15.203 () {40 vars in 763 bytes} [Thu Mar  7 21:35:19 2019] GET /static/axf/market/js/market.js => generated 0 bytes in 0 msecs (HTTP/1.1 304) 0 headers in 29 bytes (0 switches on core 0)
[pid: 24873|app: -1|req: -1/32] 58.100.15.203 () {40 vars in 782 bytes} [Thu Mar  7 21:35:19 2019] GET /static/axf/market/css/market.css => generated 0 bytes in 0 msecs (HTTP/1.1 304) 0 headers in 29 bytes (0 switches on core 0)
Not Found: /static/js/maps/swiper.jquery.js.map
[pid: 24874|app: 0|req: 7/33] 58.100.15.203 () {34 vars in 625 bytes} [Thu Mar  7 21:35:19 2019] GET /static/js/maps/swiper.jquery.js.map => generated 2254 bytes in 3 msecs (HTTP/1.1 404) 3 headers in 102 bytes (1 switches on core 0)
[pid: 24872|app: 0|req: 6/34] 58.100.15.203 () {40 vars in 833 bytes} [Thu Mar  7 21:35:20 2019] GET /axf/market_with_params/103581/0/0/ => generated 24476 bytes in 42 msecs (HTTP/1.1 200) 4 headers in 125 bytes (1 switches on core 0)
[pid: 24875|app: -1|req: -1/35] 58.100.15.203 () {40 vars in 782 bytes} [Thu Mar  7 21:35:20 2019] GET /static/axf/market/css/market.css => generated 0 bytes in 0 msecs (HTTP/1.1 304) 0 headers in 29 bytes (0 switches on core 0)
[pid: 24874|app: -1|req: -1/36] 58.100.15.203 () {40 vars in 763 bytes} [Thu Mar  7 21:35:20 2019] GET /static/axf/market/js/market.js => generated 0 bytes in 0 msecs (HTTP/1.1 304) 0 headers in 29 bytes (0 switches on core 0)
Not Found: /static/js/maps/swiper.jquery.js.map
[pid: 24873|app: 0|req: 2/37] 58.100.15.203 () {34 vars in 625 bytes} [Thu Mar  7 21:35:20 2019] GET /static/js/maps/swiper.jquery.js.map => generated 2254 bytes in 5 msecs (HTTP/1.1 404) 3 headers in 102 bytes (1 switches on core 0)
[pid: 24875|app: 0|req: 6/38] 58.100.15.203 () {40 vars in 789 bytes} [Thu Mar  7 21:35:24 2019] GET /axf/market_with_params/103581/0/0/ => generated 24476 bytes in 30 msecs (HTTP/1.1 200) 4 headers in 125 bytes (1 switches on core 0)
[pid: 24872|app: -1|req: -1/39] 58.100.15.203 () {40 vars in 782 bytes} [Thu Mar  7 21:35:24 2019] GET /static/axf/market/css/market.css => generated 0 bytes in 0 msecs (HTTP/1.1 304) 0 headers in 29 bytes (0 switches on core 0)
[pid: 24874|app: -1|req: -1/40] 58.100.15.203 () {40 vars in 763 bytes} [Thu Mar  7 21:35:24 2019] GET /static/axf/market/js/market.js => generated 0 bytes in 0 msecs (HTTP/1.1 304) 0 headers in 29 bytes (0 switches on core 0)
Not Found: /static/js/maps/swiper.jquery.js.map
[pid: 24873|app: 0|req: 3/41] 58.100.15.203 () {34 vars in 625 bytes} [Thu Mar  7 21:35:24 2019] GET /static/js/maps/swiper.jquery.js.map => generated 2254 bytes in 3 msecs (HTTP/1.1 404) 3 headers in 102 bytes (1 switches on core 0)
[pid: 24872|app: 0|req: 7/42] 58.100.15.203 () {42 vars in 811 bytes} [Thu Mar  7 21:35:44 2019] GET /axf/market_with_params/103581/0/0/ => generated 24476 bytes in 30 msecs (HTTP/1.1 200) 4 headers in 125 bytes (1 switches on core 0)
[pid: 24875|app: -1|req: -1/43] 58.100.15.203 () {42 vars in 764 bytes} [Thu Mar  7 21:35:44 2019] GET /static/css/bootstrap.css => generated 146010 bytes in 24 msecs via sendfile() (HTTP/1.1 200) 3 headers in 113 bytes (0 switches on core 0)
[pid: 24873|app: -1|req: -1/44] 58.100.15.203 () {42 vars in 756 bytes} [Thu Mar  7 21:35:44 2019] GET /static/css/reset.css => generated 1688 bytes in 26 msecs via sendfile() (HTTP/1.1 200) 3 headers in 111 bytes (0 switches on core 0)
[pid: 24872|app: -1|req: -1/45] 58.100.15.203 () {42 vars in 772 bytes} [Thu Mar  7 21:35:44 2019] GET /static/axf/main/css/main.css => generated 1569 bytes in 11 msecs via sendfile() (HTTP/1.1 200) 3 headers in 111 bytes (0 switches on core 0)
[pid: 24874|app: -1|req: -1/46] 58.100.15.203 () {42 vars in 758 bytes} [Thu Mar  7 21:35:44 2019] GET /static/css/swiper.css => generated 20670 bytes in 33 msecs via sendfile() (HTTP/1.1 200) 3 headers in 112 bytes (0 switches on core 0)
[pid: 24873|app: -1|req: -1/47] 58.100.15.203 () {42 vars in 780 bytes} [Thu Mar  7 21:35:45 2019] GET /static/axf/market/css/market.css => generated 4319 bytes in 8 msecs via sendfile() (HTTP/1.1 200) 3 headers in 111 bytes (0 switches on core 0)
[pid: 24874|app: -1|req: -1/48] 58.100.15.203 () {42 vars in 739 bytes} [Thu Mar  7 21:35:45 2019] GET /static/js/jquery.js => generated 268381 bytes in 6 msecs via sendfile() (HTTP/1.1 200) 3 headers in 127 bytes (0 switches on core 0)
[pid: 24875|app: -1|req: -1/49] 58.100.15.203 () {42 vars in 745 bytes} [Thu Mar  7 21:35:45 2019] GET /static/js/bootstrap.js => generated 69707 bytes in 17 msecs via sendfile() (HTTP/1.1 200) 3 headers in 126 bytes (0 switches on core 0)
[pid: 24875|app: -1|req: -1/50] 58.100.15.203 () {42 vars in 753 bytes} [Thu Mar  7 21:35:45 2019] GET /static/js/swiper.jquery.js => generated 208639 bytes in 2 msecs via sendfile() (HTTP/1.1 200) 3 headers in 127 bytes (0 switches on core 0)
[pid: 24874|app: -1|req: -1/51] 58.100.15.203 () {42 vars in 735 bytes} [Thu Mar  7 21:35:45 2019] GET /static/js/base.js => generated 158 bytes in 37 msecs via sendfile() (HTTP/1.1 200) 3 headers in 124 bytes (0 switches on core 0)
[pid: 24875|app: -1|req: -1/52] 58.100.15.203 () {42 vars in 761 bytes} [Thu Mar  7 21:35:45 2019] GET /static/axf/market/js/market.js => generated 3798 bytes in 1 msecs via sendfile() (HTTP/1.1 200) 3 headers in 125 bytes (0 switches on core 0)
[pid: 24872|app: -1|req: -1/53] 58.100.15.203 () {42 vars in 769 bytes} [Thu Mar  7 21:35:49 2019] GET /static/img/cart.png => generated 1163 bytes in 17 msecs via sendfile() (HTTP/1.1 200) 3 headers in 112 bytes (0 switches on core 0)
[pid: 24875|app: -1|req: -1/54] 58.100.15.203 () {42 vars in 795 bytes} [Thu Mar  7 21:35:49 2019] GET /static/img/market_selected.png => generated 1072 bytes in 27 msecs via sendfile() (HTTP/1.1 200) 3 headers in 112 bytes (0 switches on core 0)
[pid: 24874|app: -1|req: -1/55] 58.100.15.203 () {42 vars in 769 bytes} [Thu Mar  7 21:35:49 2019] GET /static/img/mine.png => generated 1519 bytes in 32 msecs via sendfile() (HTTP/1.1 200) 3 headers in 112 bytes (0 switches on core 0)
[pid: 24872|app: -1|req: -1/56] 58.100.15.203 () {42 vars in 769 bytes} [Thu Mar  7 21:35:49 2019] GET /static/img/home.png => generated 1307 bytes in 19 msecs via sendfile() (HTTP/1.1 200) 3 headers in 112 bytes (0 switches on core 0)
Not Found: /static/js/maps/swiper.jquery.js.map
[pid: 24872|app: 0|req: 8/57] 58.100.15.203 () {34 vars in 625 bytes} [Thu Mar  7 21:35:49 2019] GET /static/js/maps/swiper.jquery.js.map => generated 2254 bytes in 4 msecs (HTTP/1.1 404) 3 headers in 102 bytes (1 switches on core 0)
[pid: 24873|app: -1|req: -1/58] 58.100.15.203 () {44 vars in 824 bytes} [Thu Mar  7 21:35:49 2019] GET /static/fonts/glyphicons-halflings-regular.woff2 => generated 18028 bytes in 40 msecs via sendfile() (HTTP/1.1 200) 2 headers in 88 bytes (0 switches on core 0)
[pid: 24875|app: -1|req: -1/59] 58.100.15.203 () {34 vars in 611 bytes} [Thu Mar  7 21:35:49 2019] GET /static/css/bootstrap.css.map => generated 389287 bytes in 6 msecs via sendfile() (HTTP/1.1 200) 2 headers in 89 bytes (0 switches on core 0)
True 17.7
[pid: 24875|app: 0|req: 7/60] 58.100.15.203 () {40 vars in 781 bytes} [Thu Mar  7 21:35:52 2019] GET /axf/cart => generated 7132 bytes in 19 msecs (HTTP/1.1 200) 4 headers in 124 bytes (1 switches on core 0)
[pid: 24872|app: -1|req: -1/61] 58.100.15.203 () {38 vars in 693 bytes} [Thu Mar  7 21:35:52 2019] GET /static/axf/cart/css/cart.css => generated 4873 bytes in 35 msecs via sendfile() (HTTP/1.1 200) 3 headers in 111 bytes (0 switches on core 0)
[pid: 24873|app: -1|req: -1/62] 58.100.15.203 () {38 vars in 674 bytes} [Thu Mar  7 21:35:52 2019] GET /static/axf/cart/js/cart.js => generated 4001 bytes in 41 msecs via sendfile() (HTTP/1.1 200) 3 headers in 125 bytes (0 switches on core 0)
Not Found: /static/js/maps/swiper.jquery.js.map
[pid: 24872|app: 0|req: 9/63] 58.100.15.203 () {34 vars in 625 bytes} [Thu Mar  7 21:35:52 2019] GET /static/js/maps/swiper.jquery.js.map => generated 2254 bytes in 3 msecs (HTTP/1.1 404) 3 headers in 102 bytes (1 switches on core 0)
[pid: 24874|app: -1|req: -1/64] 58.100.15.203 () {38 vars in 720 bytes} [Thu Mar  7 21:35:52 2019] GET /static/img/market.png => generated 1917 bytes in 10 msecs via sendfile() (HTTP/1.1 200) 3 headers in 112 bytes (0 switches on core 0)
[pid: 24873|app: -1|req: -1/65] 58.100.15.203 () {38 vars in 734 bytes} [Thu Mar  7 21:35:52 2019] GET /static/img/cart_selected.png => generated 1063 bytes in 10 msecs via sendfile() (HTTP/1.1 200) 3 headers in 112 bytes (0 switches on core 0)
True 17.7
[pid: 24873|app: 0|req: 4/66] 58.100.15.203 () {38 vars in 706 bytes} [Thu Mar  7 21:35:54 2019] GET /axf/cart => generated 7132 bytes in 47 msecs (HTTP/1.1 200) 4 headers in 124 bytes (1 switches on core 0)
[pid: 24872|app: 0|req: 10/67] 58.100.15.203 () {46 vars in 836 bytes} [Thu Mar  7 21:35:55 2019] PUT /api/client/v1/cart/options => generated 94 bytes in 18 msecs (HTTP/1.1 200) 4 headers in 114 bytes (1 switches on core 0)
[pid: 24875|app: 0|req: 8/68] 58.100.15.203 () {46 vars in 836 bytes} [Thu Mar  7 21:35:56 2019] PUT /api/client/v1/cart/options => generated 94 bytes in 18 msecs (HTTP/1.1 200) 4 headers in 114 bytes (2 switches on core 0)
[pid: 24872|app: 0|req: 11/69] 58.100.15.203 () {46 vars in 836 bytes} [Thu Mar  7 21:35:56 2019] PUT /api/client/v1/cart/options => generated 94 bytes in 16 msecs (HTTP/1.1 200) 4 headers in 114 bytes (1 switches on core 0)
[pid: 24875|app: 0|req: 9/70] 58.100.15.203 () {46 vars in 836 bytes} [Thu Mar  7 21:35:57 2019] PUT /api/client/v1/cart/options => generated 94 bytes in 17 msecs (HTTP/1.1 200) 4 headers in 114 bytes (2 switches on core 0)
[pid: 24872|app: 0|req: 12/71] 58.100.15.203 () {46 vars in 836 bytes} [Thu Mar  7 21:35:57 2019] PUT /api/client/v1/cart/options => generated 94 bytes in 17 msecs (HTTP/1.1 200) 4 headers in 114 bytes (2 switches on core 0)
[pid: 24875|app: 0|req: 10/72] 58.100.15.203 () {46 vars in 836 bytes} [Thu Mar  7 21:35:58 2019] PUT /api/client/v1/cart/options => generated 94 bytes in 21 msecs (HTTP/1.1 200) 4 headers in 114 bytes (2 switches on core 0)
[pid: 24872|app: 0|req: 13/73] 58.100.15.203 () {46 vars in 836 bytes} [Thu Mar  7 21:35:59 2019] PUT /api/client/v1/cart/options => generated 94 bytes in 17 msecs (HTTP/1.1 200) 4 headers in 114 bytes (1 switches on core 0)
True 20.7
[pid: 24875|app: 0|req: 11/74] 58.100.15.203 () {38 vars in 706 bytes} [Thu Mar  7 21:36:00 2019] GET /axf/cart => generated 7132 bytes in 19 msecs (HTTP/1.1 200) 4 headers in 124 bytes (1 switches on core 0)
{'order_number': '201903072136cfbf9105719242a1825a', 'order_items': [OrderedDict([('goods_num', 5), ('id', 61), ('goods', OrderedDict([('productimg', 'http://img01.bqstatic.com/upload/goods/201/703/1318/20170313185620_821516.jpg@200w_200h_90Q'), ('productlongname', '麻辣味鲅鱼32g'), ('price', 1.0)])), ('desc', None)]), OrderedDict([('goods_num', 1), ('id', 62), ('goods', OrderedDict([('productimg', 'http://img01.bqstatic.com/upload/goods/201/605/3109/20160531095221_551975.jpg@200w_200h_90Q'), ('productlongname', '三元轻能黄桃+大麦优酪乳250g'), ('price', 8.9)])), ('desc', None)]), OrderedDict([('goods_num', 1), ('id', 63), ('goods', OrderedDict([('productimg', 'http://img01.bqstatic.com/upload/goods/201/608/2618/20160826185419_023449.jpg@200w_200h_90Q'), ('productlongname', '骑士1992酸牛奶180g'), ('price', 6.8)])), ('desc', None)])], 'sum_money': 20.7}
[pid: 24872|app: 0|req: 14/75] 58.100.15.203 () {40 vars in 757 bytes} [Thu Mar  7 21:36:03 2019] GET /axf/order => generated 3557 bytes in 92 msecs (HTTP/1.1 200) 4 headers in 124 bytes (1 switches on core 0)
[pid: 24873|app: -1|req: -1/76] 58.100.15.203 () {38 vars in 698 bytes} [Thu Mar  7 21:36:03 2019] GET /static/axf/order/css/order.css => generated 3277 bytes in 9 msecs via sendfile() (HTTP/1.1 200) 3 headers in 111 bytes (0 switches on core 0)
[pid: 24875|app: -1|req: -1/77] 58.100.15.203 () {38 vars in 679 bytes} [Thu Mar  7 21:36:03 2019] GET /static/axf/order/js/order.js => generated 742 bytes in 12 msecs via sendfile() (HTTP/1.1 200) 3 headers in 124 bytes (0 switches on core 0)
Not Found: /static/js/maps/swiper.jquery.js.map
[pid: 24874|app: 0|req: 8/78] 58.100.15.203 () {34 vars in 625 bytes} [Thu Mar  7 21:36:04 2019] GET /static/js/maps/swiper.jquery.js.map => generated 2254 bytes in 4 msecs (HTTP/1.1 404) 3 headers in 102 bytes (1 switches on core 0)
[pid: 24875|app: 0|req: 12/79] 58.100.15.203 () {46 vars in 840 bytes} [Thu Mar  7 21:36:07 2019] DELETE /api/client/v1/orderitem/63 => generated 47 bytes in 34 msecs (HTTP/1.1 200) 5 headers in 146 bytes (1 switches on core 0)
[pid: 24872|app: 0|req: 15/80] 58.100.15.203 () {46 vars in 840 bytes} [Thu Mar  7 21:36:08 2019] DELETE /api/client/v1/orderitem/62 => generated 46 bytes in 55 msecs (HTTP/1.1 200) 5 headers in 146 bytes (1 switches on core 0)
[pid: 24875|app: 0|req: 13/81] 58.100.15.203 () {38 vars in 706 bytes} [Thu Mar  7 21:36:18 2019] GET /axf/home => generated 22376 bytes in 25 msecs (HTTP/1.1 200) 3 headers in 111 bytes (1 switches on core 0)
[pid: 24872|app: -1|req: -1/82] 58.100.15.203 () {38 vars in 693 bytes} [Thu Mar  7 21:36:18 2019] GET /static/axf/home/css/home.css => generated 3511 bytes in 2 msecs via sendfile() (HTTP/1.1 200) 3 headers in 111 bytes (0 switches on core 0)
[pid: 24873|app: -1|req: -1/83] 58.100.15.203 () {38 vars in 674 bytes} [Thu Mar  7 21:36:18 2019] GET /static/axf/home/js/home.js => generated 654 bytes in 1 msecs via sendfile() (HTTP/1.1 200) 3 headers in 124 bytes (0 switches on core 0)
[pid: 24874|app: -1|req: -1/84] 58.100.15.203 () {38 vars in 734 bytes} [Thu Mar  7 21:36:18 2019] GET /static/img/home_selected.png => generated 886 bytes in 12 msecs via sendfile() (HTTP/1.1 200) 3 headers in 111 bytes (0 switches on core 0)
Not Found: /static/js/maps/swiper.jquery.js.map
[pid: 24874|app: 0|req: 9/85] 58.100.15.203 () {34 vars in 625 bytes} [Thu Mar  7 21:36:18 2019] GET /static/js/maps/swiper.jquery.js.map => generated 2254 bytes in 3 msecs (HTTP/1.1 404) 3 headers in 102 bytes (1 switches on core 0)
[pid: 24872|app: 0|req: 16/86] 58.100.15.203 () {40 vars in 737 bytes} [Thu Mar  7 21:36:23 2019] GET /axf/home => generated 22376 bytes in 16 msecs (HTTP/1.1 200) 3 headers in 111 bytes (1 switches on core 0)
Not Found: /static/js/maps/swiper.jquery.js.map
[pid: 24875|app: 0|req: 14/87] 58.100.15.203 () {34 vars in 625 bytes} [Thu Mar  7 21:36:24 2019] GET /static/js/maps/swiper.jquery.js.map => generated 2254 bytes in 3 msecs (HTTP/1.1 404) 3 headers in 102 bytes (1 switches on core 0)
[pid: 24874|app: 0|req: 10/88] 58.100.15.203 () {38 vars in 706 bytes} [Thu Mar  7 21:36:42 2019] GET /axf/home => generated 22376 bytes in 16 msecs (HTTP/1.1 200) 3 headers in 111 bytes (1 switches on core 0)
[pid: 24872|app: 0|req: 17/89] 58.100.15.203 () {40 vars in 755 bytes} [Thu Mar  7 21:36:44 2019] GET /axf/home => generated 22376 bytes in 17 msecs (HTTP/1.1 200) 3 headers in 111 bytes (1 switches on core 0)
[pid: 24875|app: 0|req: 15/90] 58.100.15.203 () {40 vars in 759 bytes} [Thu Mar  7 21:36:51 2019] GET /axf/market => generated 0 bytes in 1 msecs (HTTP/1.1 302) 4 headers in 157 bytes (1 switches on core 0)
[pid: 24873|app: 0|req: 5/91] 58.100.15.203 () {40 vars in 807 bytes} [Thu Mar  7 21:36:51 2019] GET /axf/market_with_params/104749/0/0/ => generated 9797 bytes in 25 msecs (HTTP/1.1 200) 4 headers in 124 bytes (1 switches on core 0)
[pid: 24872|app: 0|req: 18/92] 58.100.15.203 () {42 vars in 837 bytes} [Thu Mar  7 21:36:58 2019] GET /axf/market_with_params/104749/0/0/ => generated 9797 bytes in 76 msecs (HTTP/1.1 200) 4 headers in 124 bytes (1 switches on core 0)
Not Found: /static/js/maps/swiper.jquery.js.map
[pid: 24875|app: 0|req: 16/93] 58.100.15.203 () {34 vars in 624 bytes} [Thu Mar  7 21:36:58 2019] GET /static/js/maps/swiper.jquery.js.map => generated 2254 bytes in 4 msecs (HTTP/1.1 404) 3 headers in 102 bytes (1 switches on core 0)
[pid: 24874|app: 0|req: 11/94] 58.100.15.203 () {38 vars in 757 bytes} [Thu Mar  7 21:37:00 2019] GET /axf/market_with_params/103541/0/0/ => generated 327227 bytes in 332 msecs (HTTP/1.1 200) 4 headers in 126 bytes (1 switches on core 0)
[pid: 24872|app: 0|req: 19/95] 58.100.15.203 () {40 vars in 832 bytes} [Thu Mar  7 21:37:06 2019] GET /axf/market_with_params/103536/0/0/ => generated 63491 bytes in 74 msecs (HTTP/1.1 200) 4 headers in 125 bytes (1 switches on core 0)
Not Found: /static/js/maps/swiper.jquery.js.map
[pid: 24875|app: 0|req: 17/96] 58.100.15.203 () {34 vars in 624 bytes} [Thu Mar  7 21:37:06 2019] GET /static/js/maps/swiper.jquery.js.map => generated 2254 bytes in 4 msecs (HTTP/1.1 404) 3 headers in 102 bytes (1 switches on core 0)
[pid: 24874|app: 0|req: 12/97] 58.100.15.203 () {40 vars in 832 bytes} [Thu Mar  7 21:37:07 2019] GET /axf/market_with_params/103549/0/0/ => generated 223435 bytes in 382 msecs (HTTP/1.1 200) 4 headers in 126 bytes (1 switches on core 0)
Not Found: /static/js/maps/swiper.jquery.js.map
[pid: 24872|app: 0|req: 20/98] 58.100.15.203 () {34 vars in 624 bytes} [Thu Mar  7 21:37:09 2019] GET /static/js/maps/swiper.jquery.js.map => generated 2254 bytes in 4 msecs (HTTP/1.1 404) 3 headers in 102 bytes (1 switches on core 0)
[pid: 24875|app: 0|req: 18/99] 58.100.15.203 () {40 vars in 832 bytes} [Thu Mar  7 21:37:13 2019] GET /axf/market_with_params/103549/0/0/ => generated 223435 bytes in 252 msecs (HTTP/1.1 200) 4 headers in 126 bytes (1 switches on core 0)
Not Found: /static/js/maps/swiper.jquery.js.map
[pid: 24872|app: 0|req: 21/100] 58.100.15.203 () {34 vars in 625 bytes} [Thu Mar  7 21:37:15 2019] GET /static/js/maps/swiper.jquery.js.map => generated 2254 bytes in 4 msecs (HTTP/1.1 404) 3 headers in 102 bytes (1 switches on core 0)
[pid: 24874|app: 0|req: 13/101] 58.100.15.203 () {40 vars in 833 bytes} [Thu Mar  7 21:37:49 2019] GET /axf/market_with_params/103549/0/0/ => generated 223435 bytes in 199 msecs (HTTP/1.1 200) 4 headers in 126 bytes (1 switches on core 0)
Not Found: /static/js/maps/swiper.jquery.js.map
[pid: 24872|app: 0|req: 22/102] 58.100.15.203 () {34 vars in 625 bytes} [Thu Mar  7 21:37:51 2019] GET /static/js/maps/swiper.jquery.js.map => generated 2254 bytes in 3 msecs (HTTP/1.1 404) 3 headers in 102 bytes (1 switches on core 0)
SIGINT/SIGQUIT received...killing workers...
gateway "uWSGI http 1" has been buried (pid: 24876)
worker 1 buried after 1 seconds
worker 2 buried after 1 seconds
worker 3 buried after 1 seconds
worker 4 buried after 1 seconds
goodbye to uWSGI.
VACUUM: pidfile removed.
